<?xml version="1.0" encoding="UTF-8" ?>
<testsuite tests="4" failures="1" name="org.stackroute.CalculatorTest" time="0.006" errors="0" skipped="0">
  <properties>
    <property name="idea.version" value="2022.3.1"/>
    <property name="java.runtime.name" value="OpenJDK Runtime Environment"/>
    <property name="java.vm.version" value="19.0.2+7-44"/>
    <property name="sun.boot.library.path" value="C:\Users\Digiconics\.jdks\openjdk-19.0.2\bin"/>
    <property name="maven.multiModuleProjectDirectory" value="C:\Joinal\Spring_Boilerplates\bej_c1_s1_maven_pc_1.2\Calculator"/>
    <property name="java.vm.vendor" value="Oracle Corporation"/>
    <property name="java.vendor.url" value="https://java.oracle.com/"/>
    <property name="guice.disable.misplaced.annotation.check" value="true"/>
    <property name="path.separator" value=";"/>
    <property name="java.vm.name" value="OpenJDK 64-Bit Server VM"/>
    <property name="sun.os.patch.level" value=""/>
    <property name="user.script" value=""/>
    <property name="user.country" value="IN"/>
    <property name="sun.java.launcher" value="SUN_STANDARD"/>
    <property name="java.vm.specification.name" value="Java Virtual Machine Specification"/>
    <property name="user.dir" value="C:\Joinal\Spring_Boilerplates\bej_c1_s1_maven_pc_1.2\Calculator"/>
    <property name="java.vm.compressedOopsMode" value="32-bit"/>
    <property name="java.runtime.version" value="19.0.2+7-44"/>
    <property name="os.arch" value="amd64"/>
    <property name="java.io.tmpdir" value="C:\Users\DIGICO~1\AppData\Local\Temp\"/>
    <property name="line.separator" value="
"/>
    <property name="java.vm.specification.vendor" value="Oracle Corporation"/>
    <property name="user.variant" value=""/>
    <property name="stderr.encoding" value="UTF-8"/>
    <property name="os.name" value="Windows 10"/>
    <property name="maven.ext.class.path" value="C:\Users\Digiconics\AppData\Local\JetBrains\Toolbox\apps\IDEA-C\ch-0\223.8214.52\plugins\maven\lib\maven-event-listener.jar"/>
    <property name="classworlds.conf" value="C:\Users\Digiconics\AppData\Local\JetBrains\Toolbox\apps\IDEA-C\ch-0\223.8214.52\plugins\maven\lib\maven3\bin\m2.conf"/>
    <property name="sun.jnu.encoding" value="Cp1252"/>
    <property name="stdout.encoding" value="UTF-8"/>
    <property name="java.library.path" value="C:\Users\Digiconics\.jdks\openjdk-19.0.2\bin;C:\Windows\Sun\Java\bin;C:\Windows\system32;C:\Windows;C:\Windows\system32;C:\Windows;C:\Windows\System32\Wbem;C:\Windows\System32\WindowsPowerShell\v1.0\;C:\Windows\System32\OpenSSH\;C:\Program Files\dotnet\;C:\Program Files\Microsoft SQL Server\Client SDK\ODBC\130\Tools\Binn\;C:\Program Files (x86)\Microsoft SQL Server\140\Tools\Binn\;C:\Program Files\Microsoft SQL Server\140\Tools\Binn\;C:\Program Files\Microsoft SQL Server\140\DTS\Binn\;C:\Program Files (x86)\Microsoft SQL Server\150\DTS\Binn\;C:\Program Files\Azure Data Studio\bin;C:\Windows\Microsoft.NET\Framework64\v4.0.30319\;C:\Program Files\Microsoft SQL Server\150\Tools\Binn\;C:\Program Files\Microsoft SQL Server\Client SDK\ODBC\170\Tools\Binn\;C:\Program Files (x86)\Microsoft SQL Server\80\Tools\Binn\;C:\Program Files\Git\cmd;C:\Program Files\nodejs\;C:\Program Files (x86)\Microsoft SQL Server\150\Tools\Binn\;C:\Program Files\Microsoft SQL Server\150\DTS\Binn\;C:\Users\Digiconics\AppData\Local\Microsoft\WindowsApps;C:\Program Files\Azure Data Studio\bin;C:\Users\Digiconics\AppData\Local\Programs\Microsoft VS Code\bin;C:\Users\Digiconics\.dotnet\tools;C:\Users\Digiconics\AppData\Roaming\npm;C:\Users\Digiconics\AppData\Local\JetBrains\Toolbox\scripts;;."/>
    <property name="jansi.passthrough" value="true"/>
    <property name="maven.conf" value="C:\Users\Digiconics\AppData\Local\JetBrains\Toolbox\apps\IDEA-C\ch-0\223.8214.52\plugins\maven\lib\maven3/conf"/>
    <property name="jdk.debug" value="release"/>
    <property name="java.class.version" value="63.0"/>
    <property name="java.specification.name" value="Java Platform API Specification"/>
    <property name="sun.management.compiler" value="HotSpot 64-Bit Tiered Compilers"/>
    <property name="os.version" value="10.0"/>
    <property name="user.home" value="C:\Users\Digiconics"/>
    <property name="user.timezone" value="Asia/Calcutta"/>
    <property name="file.encoding" value="UTF-8"/>
    <property name="java.specification.version" value="19"/>
    <property name="user.name" value="Digiconics"/>
    <property name="java.class.path" value="C:\Users\Digiconics\AppData\Local\JetBrains\Toolbox\apps\IDEA-C\ch-0\223.8214.52\plugins\maven\lib\maven3\boot\plexus-classworlds-2.6.0.jar;C:\Users\Digiconics\AppData\Local\JetBrains\Toolbox\apps\IDEA-C\ch-0\223.8214.52\plugins\maven\lib\maven3\boot\plexus-classworlds.license"/>
    <property name="java.vm.specification.version" value="19"/>
    <property name="sun.arch.data.model" value="64"/>
    <property name="sun.java.command" value="org.codehaus.classworlds.Launcher -Didea.version=2022.3.1 package"/>
    <property name="java.home" value="C:\Users\Digiconics\.jdks\openjdk-19.0.2"/>
    <property name="user.language" value="en"/>
    <property name="java.specification.vendor" value="Oracle Corporation"/>
    <property name="java.vm.info" value="mixed mode, sharing"/>
    <property name="java.version" value="19.0.2"/>
    <property name="native.encoding" value="Cp1252"/>
    <property name="java.vendor" value="Oracle Corporation"/>
    <property name="sun.stderr.encoding" value="UTF-8"/>
    <property name="maven.home" value="C:\Users\Digiconics\AppData\Local\JetBrains\Toolbox\apps\IDEA-C\ch-0\223.8214.52\plugins\maven\lib\maven3"/>
    <property name="file.separator" value="\"/>
    <property name="java.version.date" value="2023-01-17"/>
    <property name="java.vendor.url.bug" value="https://bugreport.java.com/bugreport/"/>
    <property name="sun.io.unicode.encoding" value="UnicodeLittle"/>
    <property name="sun.cpu.endian" value="little"/>
    <property name="sun.stdout.encoding" value="UTF-8"/>
    <property name="sun.cpu.isalist" value="amd64"/>
  </properties>
  <testcase classname="org.stackroute.CalculatorTest" name="testDivide" time="0.006">
    <failure message="expected:&lt;2.0&gt; but was:&lt;10.0&gt;" type="junit.framework.AssertionFailedError">junit.framework.AssertionFailedError: expected:&lt;2.0&gt; but was:&lt;10.0&gt;
	at junit.framework.Assert.fail(Assert.java:47)
	at junit.framework.Assert.failNotEquals(Assert.java:282)
	at junit.framework.Assert.assertEquals(Assert.java:64)
	at junit.framework.Assert.assertEquals(Assert.java:71)
	at org.stackroute.CalculatorTest.testDivide(CalculatorTest.java:47)
</failure>
  </testcase>
  <testcase classname="org.stackroute.CalculatorTest" name="testSubtract" time="0"/>
  <testcase classname="org.stackroute.CalculatorTest" name="testAdd" time="0"/>
  <testcase classname="org.stackroute.CalculatorTest" name="testMultiply" time="0"/>
</testsuite>